Arguments: 
  C:\Program Files\nodejs\node.exe C:\Users\Trader\AppData\Roaming\npm\node_modules\yarn\bin\yarn.js add chalk --dev

PATH: 
  C:\Program Files (x86)\Common Files\Oracle\Java\javapath;C:\Program Files (x86)\Intel\Intel(R) Management Engine Components\iCLS\;C:\Program Files\Intel\Intel(R) Management Engine Components\iCLS\;C:\Windows\system32;C:\Windows;C:\Windows\System32\Wbem;C:\Windows\System32\WindowsPowerShell\v1.0\;C:\Windows\System32\OpenSSH\;C:\Program Files (x86)\Intel\Intel(R) Management Engine Components\DAL;C:\Program Files\Intel\Intel(R) Management Engine Components\DAL;C:\Program Files (x86)\Intel\Intel(R) Management Engine Components\IPT;C:\Program Files\Intel\Intel(R) Management Engine Components\IPT;C:\Program Files (x86)\NVIDIA Corporation\PhysX\Common;C:\ProgramData\chocolatey\bin;C:\Program Files\PuTTY\;C:\Program Files\Git\cmd;C:\Program Files\Notepad++;C:\Program Files\Perforce;;C:\WINDOWS\system32;C:\WINDOWS;C:\WINDOWS\System32\Wbem;C:\WINDOWS\System32\WindowsPowerShell\v1.0\;C:\WINDOWS\System32\OpenSSH\;C:\Program Files (x86)\Brackets\command;C:\Program Files\nodejs\;C:\Users\Trader\AppData\Local\Programs\Python\Python38-32\Scripts\;C:\Users\Trader\AppData\Local\Programs\Python\Python38-32\;C:\Users\Trader\AppData\Local\Microsoft\WindowsApps;C:\Program Files\JetBrains\WebStorm 2018.3.5\bin;;C:\tools\dart-sdk\bin;C:\Users\Trader\AppData\Roaming\Pub\Cache\bin;C:\Users\Trader\AppData\Local\Programs\Microsoft VS Code\bin;C:\Program Files\Notepad++;C:\src\flutter\bin;C:\Users\Trader\AppData\Roaming\npm;C:\Program Files\heroku\bin

Yarn version: 
  1.21.1

Node version: 
  12.16.3

Platform: 
  win32 x64

Trace: 
  Error: EPERM: operation not permitted, unlink 'F:\DEV\courses\udemy\react-complete-course\expapp\node_modules\node-sass\vendor\win32-x64-72\binding.node'

npm manifest: 
  {
    "name": "expensify",
    "version": "1.0.0",
    "main": "index.js",
    "author": "Andrew Mead",
    "license": "MIT",
    "scripts": {
      "serve": "live-server public/",
      "build": "webpack",
      "build:dev": "webpack",
      "build:prod": "webpack -p --env production",
      "dev-server": "webpack-dev-server",
      "test": "jest --config=jest.config.json",
      "start": "node server/server.js",
      "heroku-postbuild": "npm run build:prod"
    },
    "dependencies": {
      "babel-cli": "6.24.1",
      "babel-core": "6.25.0",
      "babel-loader": "7.1.1",
      "babel-plugin-transform-class-properties": "6.24.1",
      "babel-plugin-transform-object-rest-spread": "6.23.0",
      "babel-preset-env": "1.5.2",
      "babel-preset-react": "6.24.1",
      "chalk": "^4.0.0",
      "css-loader": "0.28.4",
      "enzyme": "^3.0.0",
      "enzyme-adapter-react-16": "^1.0.0",
      "enzyme-to-json": "^3.0.1",
      "extract-text-webpack-plugin": "^3.0.0",
      "jest": "^20.0.4",
      "live-server": "^1.2.0",
      "moment": "2.18.1",
      "node-sass": "^4.14.1",
      "normalize.css": "7.0.0",
      "raf": "^3.3.2",
      "react": "^16.13.1",
      "react-addons-shallow-compare": "15.6.0",
      "react-dates": "12.3.0",
      "react-dom": "^16.13.1",
      "react-modal": "2.2.2",
      "react-redux": "5.0.5",
      "react-router-dom": "^5.2.0",
      "react-test-renderer": "^16.13.1",
      "redux": "3.7.2",
      "sass-loader": "6.0.6",
      "style-loader": "0.18.2",
      "uuid": "3.1.0",
      "validator": "8.0.0",
      "webpack": "3.1.0",
      "webpack-dev-server": "2.5.1"
    }
  }

yarn manifest: 
  No manifest

Lockfile: 
  No lockfile
